Using pre-set license
Desktop is 1920 x 1080 @ 60 Hz

 COMMAND LINE ARGUMENTS:
Unity
-adb2
-batchMode
-noUpm
-name
AssetImportWorker0
-projectPath
/home/b1/synthData/DataGeneration_v1/DataGeneration_v1
-logFile
Logs/AssetImportWorker0.log
-srvPort
45269
Successfully changed project path to: /home/b1/synthData/DataGeneration_v1/DataGeneration_v1
/home/b1/synthData/DataGeneration_v1/DataGeneration_v1
Using Asset Import Pipeline V2.
Refreshing native plugins compatible for Editor in 116,34 ms, found 3 plugins.
Preloading 0 native plugins for Editor in 0,00 ms.
Initialize engine version: 2020.3.16f1 (049d6eca3c44)
[Subsystems] Discovering subsystems at path /home/b1/Unity/Hub/Editor/2020.3.16f1/Editor/Data/Resources/UnitySubsystems
[Subsystems] Discovering subsystems at path /home/b1/synthData/DataGeneration_v1/DataGeneration_v1/Assets
GLX Extensions: GLX_ARB_create_context GLX_ARB_create_context_no_error GLX_ARB_create_context_profile GLX_ARB_create_context_robustness GLX_ARB_fbconfig_float GLX_ARB_framebuffer_sRGB GLX_ARB_get_proc_address GLX_ARB_multisample GLX_EXT_buffer_age GLX_EXT_create_context_es2_profile GLX_EXT_create_context_es_profile GLX_EXT_fbconfig_packed_float GLX_EXT_framebuffer_sRGB GLX_EXT_import_context GLX_EXT_swap_control GLX_EXT_swap_control_tear GLX_EXT_texture_from_pixmap GLX_EXT_visual_info GLX_EXT_visual_rating GLX_INTEL_swap_event GLX_MESA_copy_sub_buffer GLX_MESA_query_renderer GLX_MESA_swap_control GLX_OML_swap_method GLX_OML_sync_control GLX_SGIS_multisample GLX_SGIX_fbconfig GLX_SGIX_pbuffer GLX_SGIX_visual_select_group GLX_SGI_make_current_read GLX_SGI_swap_control GLX_SGI_video_sync 
Renderer: Mesa DRI Intel(R) HD Graphics 4000 (IVB GT2)
Vendor:   Intel Open Source Technology Center
Version:  4.2 (Core Profile) Mesa 21.0.3
GLES:     0
 GL_3DFX_texture_compression_FXT1 GL_AMD_conservative_depth GL_AMD_draw_buffers_blend GL_AMD_multi_draw_indirect GL_AMD_seamless_cubemap_per_texture GL_AMD_shader_trinary_minmax GL_AMD_texture_texture4 GL_AMD_vertex_shader_layer GL_AMD_vertex_shader_viewport_index GL_ANGLE_texture_compression_dxt3 GL_ANGLE_texture_compression_dxt5 GL_APPLE_object_purgeable GL_ARB_ES2_compatibility GL_ARB_ES3_compatibility GL_ARB_arrays_of_arrays GL_ARB_base_instance GL_ARB_blend_func_extended GL_ARB_buffer_storage GL_ARB_clear_buffer_object GL_ARB_clear_texture GL_ARB_clip_control GL_ARB_compressed_texture_pixel_storage GL_ARB_compute_shader GL_ARB_compute_variable_group_size GL_ARB_conditional_render_inverted GL_ARB_conservative_depth GL_ARB_copy_buffer GL_ARB_copy_image GL_ARB_cull_distance GL_ARB_debug_output GL_ARB_depth_buffer_float GL_ARB_depth_clamp GL_ARB_derivative_control GL_ARB_direct_state_access GL_ARB_draw_buffers GL_ARB_draw_buffers_blend GL_ARB_draw_elements_base_vertex GL_ARB_draw_indirect GL_ARB_draw_instan
ced GL_ARB_enhanced_layouts GL_ARB_explicit_attrib_location GL_ARB_explicit_uniform_location GL_ARB_fragment_coord_conventions GL_ARB_fragment_layer_viewport GL_ARB_fragment_shader GL_ARB_framebuffer_no_attachments GL_ARB_framebuffer_object GL_ARB_framebuffer_sRGB GL_ARB_get_program_binary GL_ARB_get_texture_sub_image GL_ARB_gl_spirv GL_ARB_gpu_shader5 GL_ARB_gpu_shader_fp64 GL_ARB_half_float_pixel GL_ARB_half_float_vertex GL_ARB_indirect_parameters GL_ARB_instanced_arrays GL_ARB_internalformat_query GL_ARB_internalformat_query2 GL_ARB_invalidate_subdata GL_ARB_map_buffer_alignment GL_ARB_map_buffer_range GL_ARB_multi_bind GL_ARB_multi_draw_indirect GL_ARB_occlusion_query2 GL_ARB_parallel_shader_compile GL_ARB_pipeline_statistics_query GL_ARB_pixel_buffer_object GL_ARB_point_sprite GL_ARB_polygon_offset_clamp GL_ARB_program_interface_query GL_ARB_provoking_vertex GL_ARB_robustness GL_ARB_sample_shading GL_ARB_sampler_objects GL_ARB_seamless_cube_map GL_ARB_seamless_cubemap_per_texture GL_ARB_separate_shader_
objects GL_ARB_shader_atomic_counter_ops GL_ARB_shader_atomic_counters GL_ARB_shader_bit_encoding GL_ARB_shader_clock GL_ARB_shader_draw_parameters GL_ARB_shader_group_vote GL_ARB_shader_image_load_store GL_ARB_shader_image_size GL_ARB_shader_objects GL_ARB_shader_precision GL_ARB_shader_storage_buffer_object GL_ARB_shader_subroutine GL_ARB_shader_texture_image_samples GL_ARB_shader_texture_lod GL_ARB_shader_viewport_layer_array GL_ARB_shading_language_420pack GL_ARB_shading_language_include GL_ARB_shading_language_packing GL_ARB_spirv_extensions GL_ARB_sync GL_ARB_tessellation_shader GL_ARB_texture_barrier GL_ARB_texture_buffer_object GL_ARB_texture_buffer_object_rgb32 GL_ARB_texture_buffer_range GL_ARB_texture_compression_bptc GL_ARB_texture_compression_rgtc GL_ARB_texture_cube_map_array GL_ARB_texture_filter_anisotropic GL_ARB_texture_float GL_ARB_texture_gather GL_ARB_texture_mirror_clamp_to_edge GL_ARB_texture_multisample GL_ARB_texture_non_power_of_two GL_ARB_texture_query_levels GL_ARB_texture_query_l
od GL_ARB_texture_rectangle GL_ARB_texture_rg GL_ARB_texture_rgb10_a2ui GL_ARB_texture_storage GL_ARB_texture_storage_multisample GL_ARB_texture_swizzle GL_ARB_texture_view GL_ARB_timer_query GL_ARB_transform_feedback2 GL_ARB_transform_feedback3 GL_ARB_transform_feedback_instanced GL_ARB_transform_feedback_overflow_query GL_ARB_uniform_buffer_object GL_ARB_vertex_array_bgra GL_ARB_vertex_array_object GL_ARB_vertex_attrib_64bit GL_ARB_vertex_attrib_binding GL_ARB_vertex_buffer_object GL_ARB_vertex_shader GL_ARB_vertex_type_10f_11f_11f_rev GL_ARB_vertex_type_2_10_10_10_rev GL_ARB_viewport_array GL_ATI_blend_equation_separate GL_ATI_texture_float GL_EXT_EGL_image_storage GL_EXT_EGL_sync GL_EXT_abgr GL_EXT_blend_equation_separate GL_EXT_demote_to_helper_invocation GL_EXT_draw_buffers2 GL_EXT_draw_instanced GL_EXT_framebuffer_blit GL_EXT_framebuffer_multisample GL_EXT_framebuffer_multisample_blit_scaled GL_EXT_framebuffer_object GL_EXT_framebuffer_sRGB GL_EXT_packed_depth_stencil GL_EXT_packed_float GL_EXT_pixel_
buffer_object GL_EXT_polygon_offset_clamp GL_EXT_provoking_vertex GL_EXT_shader_framebuffer_fetch_non_coherent GL_EXT_shader_integer_mix GL_EXT_shader_samples_identical GL_EXT_texture_array GL_EXT_texture_compression_dxt1 GL_EXT_texture_compression_rgtc GL_EXT_texture_compression_s3tc GL_EXT_texture_filter_anisotropic GL_EXT_texture_integer GL_EXT_texture_sRGB GL_EXT_texture_sRGB_R8 GL_EXT_texture_sRGB_decode GL_EXT_texture_shadow_lod GL_EXT_texture_shared_exponent GL_EXT_texture_snorm GL_EXT_texture_swizzle GL_EXT_timer_query GL_EXT_transform_feedback GL_EXT_vertex_array_bgra GL_EXT_vertex_attrib_64bit GL_IBM_multimode_draw_arrays GL_INTEL_blackhole_render GL_INTEL_performance_query GL_KHR_blend_equation_advanced GL_KHR_context_flush_control GL_KHR_debug GL_KHR_no_error GL_KHR_parallel_shader_compile GL_KHR_robustness GL_MESA_pack_invert GL_MESA_shader_integer_functions GL_MESA_texture_signed_rgba GL_NV_compute_shader_derivatives GL_NV_conditional_render GL_NV_depth_clamp GL_NV_packed_depth_stencil GL_NV_te
xture_barrier GL_OES_EGL_image GL_S3_s3tc
OPENGL LOG: Creating OpenGL 4.2 graphics device ; Context level  <OpenGL 4.2> ; Context handle 463565824
Shader 'Universal Render Pipeline/Particles/Lit': fallback shader 'Universal Render Pipeline/Particles/SimpleLit' not found
Initialize mono
Mono path[0] = '/home/b1/Unity/Hub/Editor/2020.3.16f1/Editor/Data/Managed'
Mono path[1] = '/home/b1/Unity/Hub/Editor/2020.3.16f1/Editor/Data/MonoBleedingEdge/lib/mono/unityjit'
Mono config path = '/home/b1/Unity/Hub/Editor/2020.3.16f1/Editor/Data/MonoBleedingEdge/etc'
Using monoOptions --debugger-agent=transport=dt_socket,embedding=1,server=y,suspend=n,address=127.0.0.1:56317
Begin MonoManager ReloadAssembly
Registering precompiled unity dll's ...
Register platform support module: /home/b1/Unity/Hub/Editor/2020.3.16f1/Editor/Data/PlaybackEngines/WebGLSupport/UnityEditor.WebGL.Extensions.dll
Register platform support module: /home/b1/Unity/Hub/Editor/2020.3.16f1/Editor/Data/PlaybackEngines/MacStandaloneSupport/UnityEditor.OSXStandalone.Extensions.dll
Register platform support module: /home/b1/Unity/Hub/Editor/2020.3.16f1/Editor/Data/PlaybackEngines/WindowsStandaloneSupport/UnityEditor.WindowsStandalone.Extensions.dll
Register platform support module: /home/b1/Unity/Hub/Editor/2020.3.16f1/Editor/Data/PlaybackEngines/LinuxStandaloneSupport/UnityEditor.LinuxStandalone.Extensions.dll
Registered in 0,004915 seconds.
Native extension for LinuxStandalone target not found
Native extension for WindowsStandalone target not found
Native extension for OSXStandalone target not found
Native extension for WebGL target not found
Refreshing native plugins compatible for Editor in 118,52 ms, found 3 plugins.
Preloading 0 native plugins for Editor in 0,00 ms.
Mono: successfully reloaded assembly
- Completed reload, in  2,375 seconds
Domain Reload Profiling:
	ReloadAssembly (2376ms)
		BeginReloadAssembly (52ms)
			ExecutionOrderSort (0ms)
			DisableScriptedObjects (0ms)
			BackupInstance (0ms)
			ReleaseScriptingObjects (0ms)
			CreateAndSetChildDomain (1ms)
		EndReloadAssembly (965ms)
			LoadAssemblies (51ms)
			RebuildTransferFunctionScriptingTraits (0ms)
			SetupTypeCache (320ms)
			ReleaseScriptCaches (0ms)
			RebuildScriptCaches (75ms)
			SetupLoadedEditorAssemblies (439ms)
				LogAssemblyErrors (0ms)
				InitializePlatformSupportModulesInManaged (10ms)
				SetLoadedEditorAssemblies (1ms)
				RefreshPlugins (119ms)
				BeforeProcessingInitializeOnLoad (14ms)
				ProcessInitializeOnLoadAttributes (234ms)
				ProcessInitializeOnLoadMethodAttributes (60ms)
				AfterProcessingInitializeOnLoad (0ms)
				EditorAssembliesLoaded (1ms)
			ExecutionOrderSort2 (0ms)
			AwakeInstancesAfterBackupRestoration (0ms)
Platform modules already initialized, skipping
Registering precompiled user dll's ...
Registered in 0,006358 seconds.
Begin MonoManager ReloadAssembly
Native extension for LinuxStandalone target not found
Native extension for WindowsStandalone target not found
Native extension for OSXStandalone target not found
Native extension for WebGL target not found
Refreshing native plugins compatible for Editor in 157,28 ms, found 3 plugins.
Preloading 0 native plugins for Editor in 0,00 ms.
Mono: successfully reloaded assembly
- Completed reload, in  3,523 seconds
Domain Reload Profiling:
	ReloadAssembly (3524ms)
		BeginReloadAssembly (210ms)
			ExecutionOrderSort (0ms)
			DisableScriptedObjects (8ms)
			BackupInstance (0ms)
			ReleaseScriptingObjects (0ms)
			CreateAndSetChildDomain (36ms)
		EndReloadAssembly (3227ms)
			LoadAssemblies (111ms)
			RebuildTransferFunctionScriptingTraits (0ms)
			SetupTypeCache (618ms)
			ReleaseScriptCaches (1ms)
			RebuildScriptCaches (133ms)
			SetupLoadedEditorAssemblies (2152ms)
				LogAssemblyErrors (0ms)
				InitializePlatformSupportModulesInManaged (34ms)
				SetLoadedEditorAssemblies (1ms)
				RefreshPlugins (157ms)
				BeforeProcessingInitializeOnLoad (164ms)
				ProcessInitializeOnLoadAttributes (1692ms)
				ProcessInitializeOnLoadMethodAttributes (99ms)
				AfterProcessingInitializeOnLoad (6ms)
				EditorAssembliesLoaded (0ms)
			ExecutionOrderSort2 (0ms)
			AwakeInstancesAfterBackupRestoration (11ms)
Platform modules already initialized, skipping
========================================================================
Worker process is ready to serve import requests
Shader 'Universal Render Pipeline/Particles/Lit': fallback shader 'Universal Render Pipeline/Particles/SimpleLit' not found
Launched and connected shader compiler UnityShaderCompiler after 0.02 seconds
Refreshing native plugins compatible for Editor in 0,94 ms, found 3 plugins.
Preloading 0 native plugins for Editor in 0,00 ms.
Unloading 3280 Unused Serialized files (Serialized files now loaded: 0)
System memory in use before: 140,2 MB.
System memory in use after: 140,2 MB.

Unloading 40 unused Assets to reduce memory usage. Loaded Objects now: 3699.
Total: 14,170351 ms (FindLiveObjects: 1,065137 ms CreateObjectMapping: 0,453366 ms MarkObjects: 12,044751 ms  DeleteObjects: 0,603142 ms)

AssetImportParameters requested are different than current active one (requested -> active):
  custom:video-decoder-ogg-theora: a1e56fd34408186e4bbccfd4996cb3dc -> 
  custom:container-muxer-webm: aa71ff27fc2769a1b78a27578f13a17b -> 
  custom:container-demuxer-webm: 4f35f7cbe854078d1ac9338744f61a02 -> 
  custom:container-demuxer-ogg: 62fdf1f143b41e24485cea50d1cbac27 -> 
  custom:video-encoder-webm-vp8: eb34c28f22e8b96e1ab97ce403110664 -> 
  custom:video-decoder-webm-vp8: 9c59270c3fd7afecdb556c50c9e8de78 -> 
  custom:audio-decoder-ogg-vorbis: bf7c407c2cedff20999df2af8eb42d56 -> 
  custom:audio-encoder-webm-vorbis: bf7c407c2cedff20999df2af8eb42d56 -> 
========================================================================
Received Import Request.
  path: Assets/Samples/Perception/0.9.0-preview.2/Tutorial Files/Foreground Objects/Phase 1/Materials
  artifactKey: Guid(096dda3fe2be64e558dc33ac063f5bda) Importer(815301076,1909f56bfc062723c751e8b465ee728b)
Start importing Assets/Samples/Perception/0.9.0-preview.2/Tutorial Files/Foreground Objects/Phase 1/Materials using Guid(096dda3fe2be64e558dc33ac063f5bda) Importer(815301076,1909f56bfc062723c751e8b465ee728b)  -> (artifact id: 'fced30ad32d1568eeaf5cbd9d35ea3e3') in 0,006752 seconds 
  Import took 0,014961 seconds .

========================================================================
Received Import Request.
  Time since last request: 0,000437 seconds.
  path: Assets/Samples/Perception/0.9.0-preview.2/Tutorial Files/Foreground Objects/Phase 1/Prefabs
  artifactKey: Guid(ef27d39947dec42729ceff018b9b8b6e) Importer(815301076,1909f56bfc062723c751e8b465ee728b)
Start importing Assets/Samples/Perception/0.9.0-preview.2/Tutorial Files/Foreground Objects/Phase 1/Prefabs using Guid(ef27d39947dec42729ceff018b9b8b6e) Importer(815301076,1909f56bfc062723c751e8b465ee728b)  -> (artifact id: '6cae2de294e2d3526c6bcfd0cadd4979') in 0,000889 seconds 
  Import took 0,007610 seconds .

========================================================================
Received Import Request.
  Time since last request: 0,000325 seconds.
  path: Assets/Samples/Perception/0.9.0-preview.2/Tutorial Files/Foreground Objects/Phase 1
  artifactKey: Guid(0eaeca38125114e0db3707f705e03ebe) Importer(815301076,1909f56bfc062723c751e8b465ee728b)
Start importing Assets/Samples/Perception/0.9.0-preview.2/Tutorial Files/Foreground Objects/Phase 1 using Guid(0eaeca38125114e0db3707f705e03ebe) Importer(815301076,1909f56bfc062723c751e8b465ee728b)  -> (artifact id: 'df0e5c69bd3ec179fef2eef499d3a405') in 0,001113 seconds 
  Import took 0,009434 seconds .

========================================================================
Received Import Request.
  Time since last request: 84,837703 seconds.
  path: Assets/Samples/Perception/0.9.0-preview.2/Tutorial Files/Foreground Objects/Phase 1/Prefabs/candy_minipralines_lindt.prefab
  artifactKey: Guid(f8c81fac8af13448ab26bdb5ce582c9b) Importer(815301076,1909f56bfc062723c751e8b465ee728b)
Start importing Assets/Samples/Perception/0.9.0-preview.2/Tutorial Files/Foreground Objects/Phase 1/Prefabs/candy_minipralines_lindt.prefab using Guid(f8c81fac8af13448ab26bdb5ce582c9b) Importer(815301076,1909f56bfc062723c751e8b465ee728b)  -> (artifact id: '1b093874eba63b21ea49640afebdc591') in 0,374261 seconds 
  Import took 0,383739 seconds .

========================================================================
Received Import Request.
  Time since last request: 0,000216 seconds.
  path: Assets/Samples/Perception/0.9.0-preview.2/Tutorial Files/Foreground Objects/Phase 1/Prefabs/snack_biscotti_ghiott_01.prefab
  artifactKey: Guid(9ef2f11fc3a4d451489a43733d1b68fc) Importer(815301076,1909f56bfc062723c751e8b465ee728b)
Start importing Assets/Samples/Perception/0.9.0-preview.2/Tutorial Files/Foreground Objects/Phase 1/Prefabs/snack_biscotti_ghiott_01.prefab using Guid(9ef2f11fc3a4d451489a43733d1b68fc) Importer(815301076,1909f56bfc062723c751e8b465ee728b)  -> (artifact id: '2720bf4025a3805354e5062434e82063') in 0,015611 seconds 
  Import took 0,025656 seconds .

========================================================================
Received Import Request.
  Time since last request: 0,000205 seconds.
  path: Assets/Samples/Perception/0.9.0-preview.2/Tutorial Files/Foreground Objects/Phase 1/Prefabs/lotion_essentially_nivea.prefab
  artifactKey: Guid(1235a6a7e60bd4fb49f7fe43925b064d) Importer(815301076,1909f56bfc062723c751e8b465ee728b)
Start importing Assets/Samples/Perception/0.9.0-preview.2/Tutorial Files/Foreground Objects/Phase 1/Prefabs/lotion_essentially_nivea.prefab using Guid(1235a6a7e60bd4fb49f7fe43925b064d) Importer(815301076,1909f56bfc062723c751e8b465ee728b)  -> (artifact id: '0b51d615e27a88d250c1be99af4d05b8') in 0,018473 seconds 
  Import took 0,026467 seconds .

========================================================================
Received Import Request.
  Time since last request: 0,000200 seconds.
  path: Assets/Samples/Perception/0.9.0-preview.2/Tutorial Files/Foreground Objects/Phase 1/Prefabs/pasta_lasagne_barilla.prefab
  artifactKey: Guid(5a29edd6a97d9479da063ac4c4eb8611) Importer(815301076,1909f56bfc062723c751e8b465ee728b)
Start importing Assets/Samples/Perception/0.9.0-preview.2/Tutorial Files/Foreground Objects/Phase 1/Prefabs/pasta_lasagne_barilla.prefab using Guid(5a29edd6a97d9479da063ac4c4eb8611) Importer(815301076,1909f56bfc062723c751e8b465ee728b)  -> (artifact id: '64debbb1a937cb4e2439fa8dfe553426') in 0,016724 seconds 
  Import took 0,025264 seconds .

========================================================================
Received Import Request.
  Time since last request: 0,000243 seconds.
  path: Assets/Samples/Perception/0.9.0-preview.2/Tutorial Files/Foreground Objects/Phase 1/Prefabs/cleaning_snuggle_henkel.prefab
  artifactKey: Guid(df26f25c7e2e84c0b977b2b3c2efefee) Importer(815301076,1909f56bfc062723c751e8b465ee728b)
Start importing Assets/Samples/Perception/0.9.0-preview.2/Tutorial Files/Foreground Objects/Phase 1/Prefabs/cleaning_snuggle_henkel.prefab using Guid(df26f25c7e2e84c0b977b2b3c2efefee) Importer(815301076,1909f56bfc062723c751e8b465ee728b)  -> (artifact id: '6d1bbc7bd2644b0529796ed04def59da') in 0,015683 seconds 
  Import took 0,026938 seconds .

========================================================================
Received Import Request.
  Time since last request: 0,000282 seconds.
  path: Assets/Samples/Perception/0.9.0-preview.2/Tutorial Files/Foreground Objects/Phase 1/Prefabs/cereal_cheerios_honeynut.prefab
  artifactKey: Guid(04ab9ebb2655c44ae9e9edebd2c9d32c) Importer(815301076,1909f56bfc062723c751e8b465ee728b)
Start importing Assets/Samples/Perception/0.9.0-preview.2/Tutorial Files/Foreground Objects/Phase 1/Prefabs/cereal_cheerios_honeynut.prefab using Guid(04ab9ebb2655c44ae9e9edebd2c9d32c) Importer(815301076,1909f56bfc062723c751e8b465ee728b)  -> (artifact id: 'e12f63b0f22e3d40a739d013a30e7718') in 0,019479 seconds 
  Import took 0,033011 seconds .

========================================================================
Received Import Request.
  Time since last request: 0,000233 seconds.
  path: Assets/Samples/Perception/0.9.0-preview.2/Tutorial Files/Foreground Objects/Phase 1/Prefabs/drink_greentea_itoen.prefab
  artifactKey: Guid(6d2179d3da6ff400c84fe0464ebff935) Importer(815301076,1909f56bfc062723c751e8b465ee728b)
Start importing Assets/Samples/Perception/0.9.0-preview.2/Tutorial Files/Foreground Objects/Phase 1/Prefabs/drink_greentea_itoen.prefab using Guid(6d2179d3da6ff400c84fe0464ebff935) Importer(815301076,1909f56bfc062723c751e8b465ee728b)  -> (artifact id: '038c9a65c7d60fb4815bf84d768d04cb') in 0,020000 seconds 
  Import took 0,032145 seconds .

========================================================================
Received Import Request.
  Time since last request: 0,000214 seconds.
  path: Assets/Samples/Perception/0.9.0-preview.2/Tutorial Files/Foreground Objects/Phase 1/Prefabs/craft_yarn_caron_01.prefab
  artifactKey: Guid(12285089570ca4f6c8bc7b2358caf57f) Importer(815301076,1909f56bfc062723c751e8b465ee728b)
Start importing Assets/Samples/Perception/0.9.0-preview.2/Tutorial Files/Foreground Objects/Phase 1/Prefabs/craft_yarn_caron_01.prefab using Guid(12285089570ca4f6c8bc7b2358caf57f) Importer(815301076,1909f56bfc062723c751e8b465ee728b)  -> (artifact id: '99f954fcaf08519559a4d1c0a8d6b06a') in 0,014271 seconds 
  Import took 0,023108 seconds .

========================================================================
Received Import Request.
  Time since last request: 0,000191 seconds.
  path: Assets/Samples/Perception/0.9.0-preview.2/Tutorial Files/Foreground Objects/Phase 1/Prefabs/drink_whippingcream_lucerne.prefab
  artifactKey: Guid(514fd8bc80a18436f8b85ea96011911c) Importer(815301076,1909f56bfc062723c751e8b465ee728b)
Start importing Assets/Samples/Perception/0.9.0-preview.2/Tutorial Files/Foreground Objects/Phase 1/Prefabs/drink_whippingcream_lucerne.prefab using Guid(514fd8bc80a18436f8b85ea96011911c) Importer(815301076,1909f56bfc062723c751e8b465ee728b)  -> (artifact id: 'a6e157416e445c8fbef8c54f44c39104') in 0,017509 seconds 
  Import took 0,025189 seconds .

========================================================================
Received Import Request.
  Time since last request: 84,717679 seconds.
  path: Assets/Samples/Perception/0.9.0-preview.2/Tutorial Files/Foreground Objects/Phase 1/Prefabs/snack_biscotti_ghiott_01.prefab
  artifactKey: Guid(9ef2f11fc3a4d451489a43733d1b68fc) Importer(815301076,1909f56bfc062723c751e8b465ee728b)
Start importing Assets/Samples/Perception/0.9.0-preview.2/Tutorial Files/Foreground Objects/Phase 1/Prefabs/snack_biscotti_ghiott_01.prefab using Guid(9ef2f11fc3a4d451489a43733d1b68fc) Importer(815301076,1909f56bfc062723c751e8b465ee728b)  -> (artifact id: '42a86c5bcbd58cb5db5fa1e3ca260e92') in 0,019505 seconds 
  Import took 0,029651 seconds .

========================================================================
Received Import Request.
  Time since last request: 8,618269 seconds.
  path: Assets/Samples/Perception/0.9.0-preview.2/Tutorial Files/Foreground Objects/Phase 1/Prefabs/snack_biscotti_ghiott_01.prefab
  artifactKey: Guid(9ef2f11fc3a4d451489a43733d1b68fc) Importer(815301076,1909f56bfc062723c751e8b465ee728b)
Start importing Assets/Samples/Perception/0.9.0-preview.2/Tutorial Files/Foreground Objects/Phase 1/Prefabs/snack_biscotti_ghiott_01.prefab using Guid(9ef2f11fc3a4d451489a43733d1b68fc) Importer(815301076,1909f56bfc062723c751e8b465ee728b)  -> (artifact id: 'bad01dbad8e729f3974c93fc4e2e8b00') in 0,018492 seconds 
  Import took 0,029132 seconds .

========================================================================
Received Import Request.
  Time since last request: 24,403976 seconds.
  path: Assets/Samples/Perception/0.9.0-preview.2/Tutorial Files/Foreground Objects/Phase 1/Prefabs/snack_biscotti_ghiott_01.prefab
  artifactKey: Guid(9ef2f11fc3a4d451489a43733d1b68fc) Importer(815301076,1909f56bfc062723c751e8b465ee728b)
Start importing Assets/Samples/Perception/0.9.0-preview.2/Tutorial Files/Foreground Objects/Phase 1/Prefabs/snack_biscotti_ghiott_01.prefab using Guid(9ef2f11fc3a4d451489a43733d1b68fc) Importer(815301076,1909f56bfc062723c751e8b465ee728b)  -> (artifact id: '89b4bc1672e5001908ecdf8d38fa17a5') in 0,023115 seconds 
  Import took 0,036977 seconds .

========================================================================
Received Import Request.
  Time since last request: 60,399215 seconds.
  path: Assets/Samples/Perception/0.9.0-preview.2/Tutorial Files/Foreground Objects/Phase 1/Prefabs/candy_minipralines_lindt.prefab
  artifactKey: Guid(f8c81fac8af13448ab26bdb5ce582c9b) Importer(815301076,1909f56bfc062723c751e8b465ee728b)
Start importing Assets/Samples/Perception/0.9.0-preview.2/Tutorial Files/Foreground Objects/Phase 1/Prefabs/candy_minipralines_lindt.prefab using Guid(f8c81fac8af13448ab26bdb5ce582c9b) Importer(815301076,1909f56bfc062723c751e8b465ee728b)  -> (artifact id: 'd61d661d000f8c1d4ac334569d6baea6') in 0,018218 seconds 
  Import took 0,028812 seconds .

========================================================================
Received Import Request.
  Time since last request: 0,000299 seconds.
  path: Assets/Samples/Perception/0.9.0-preview.2/Tutorial Files/Foreground Objects/Phase 1/Prefabs/lotion_essentially_nivea.prefab
  artifactKey: Guid(1235a6a7e60bd4fb49f7fe43925b064d) Importer(815301076,1909f56bfc062723c751e8b465ee728b)
Start importing Assets/Samples/Perception/0.9.0-preview.2/Tutorial Files/Foreground Objects/Phase 1/Prefabs/lotion_essentially_nivea.prefab using Guid(1235a6a7e60bd4fb49f7fe43925b064d) Importer(815301076,1909f56bfc062723c751e8b465ee728b)  -> (artifact id: '8051cc24c6bbcd946f7b051b339030b1') in 0,016080 seconds 
  Import took 0,025246 seconds .

========================================================================
Received Import Request.
  Time since last request: 0,000208 seconds.
  path: Assets/Samples/Perception/0.9.0-preview.2/Tutorial Files/Foreground Objects/Phase 1/Prefabs/pasta_lasagne_barilla.prefab
  artifactKey: Guid(5a29edd6a97d9479da063ac4c4eb8611) Importer(815301076,1909f56bfc062723c751e8b465ee728b)
Start importing Assets/Samples/Perception/0.9.0-preview.2/Tutorial Files/Foreground Objects/Phase 1/Prefabs/pasta_lasagne_barilla.prefab using Guid(5a29edd6a97d9479da063ac4c4eb8611) Importer(815301076,1909f56bfc062723c751e8b465ee728b)  -> (artifact id: 'c50fb8c20b904fbfa404481371809fa3') in 0,017008 seconds 
  Import took 0,026478 seconds .

========================================================================
Received Import Request.
  Time since last request: 0,000217 seconds.
  path: Assets/Samples/Perception/0.9.0-preview.2/Tutorial Files/Foreground Objects/Phase 1/Prefabs/cleaning_snuggle_henkel.prefab
  artifactKey: Guid(df26f25c7e2e84c0b977b2b3c2efefee) Importer(815301076,1909f56bfc062723c751e8b465ee728b)
Start importing Assets/Samples/Perception/0.9.0-preview.2/Tutorial Files/Foreground Objects/Phase 1/Prefabs/cleaning_snuggle_henkel.prefab using Guid(df26f25c7e2e84c0b977b2b3c2efefee) Importer(815301076,1909f56bfc062723c751e8b465ee728b)  -> (artifact id: 'bba5b244776fa2572736a5452c1470c3') in 0,015094 seconds 
  Import took 0,023940 seconds .

========================================================================
Received Import Request.
  Time since last request: 0,000227 seconds.
  path: Assets/Samples/Perception/0.9.0-preview.2/Tutorial Files/Foreground Objects/Phase 1/Prefabs/cereal_cheerios_honeynut.prefab
  artifactKey: Guid(04ab9ebb2655c44ae9e9edebd2c9d32c) Importer(815301076,1909f56bfc062723c751e8b465ee728b)
Start importing Assets/Samples/Perception/0.9.0-preview.2/Tutorial Files/Foreground Objects/Phase 1/Prefabs/cereal_cheerios_honeynut.prefab using Guid(04ab9ebb2655c44ae9e9edebd2c9d32c) Importer(815301076,1909f56bfc062723c751e8b465ee728b)  -> (artifact id: '3796ddc32ed729ab4360a99fb6da4571') in 0,019551 seconds 
  Import took 0,029684 seconds .

========================================================================
Received Import Request.
  Time since last request: 0,000250 seconds.
  path: Assets/Samples/Perception/0.9.0-preview.2/Tutorial Files/Foreground Objects/Phase 1/Prefabs/drink_greentea_itoen.prefab
  artifactKey: Guid(6d2179d3da6ff400c84fe0464ebff935) Importer(815301076,1909f56bfc062723c751e8b465ee728b)
Start importing Assets/Samples/Perception/0.9.0-preview.2/Tutorial Files/Foreground Objects/Phase 1/Prefabs/drink_greentea_itoen.prefab using Guid(6d2179d3da6ff400c84fe0464ebff935) Importer(815301076,1909f56bfc062723c751e8b465ee728b)  -> (artifact id: '56cedee8a2d7c2d15cf2f8d09da4c62f') in 0,018665 seconds 
  Import took 0,029588 seconds .

========================================================================
Received Import Request.
  Time since last request: 0,000226 seconds.
  path: Assets/Samples/Perception/0.9.0-preview.2/Tutorial Files/Foreground Objects/Phase 1/Prefabs/craft_yarn_caron_01.prefab
  artifactKey: Guid(12285089570ca4f6c8bc7b2358caf57f) Importer(815301076,1909f56bfc062723c751e8b465ee728b)
Start importing Assets/Samples/Perception/0.9.0-preview.2/Tutorial Files/Foreground Objects/Phase 1/Prefabs/craft_yarn_caron_01.prefab using Guid(12285089570ca4f6c8bc7b2358caf57f) Importer(815301076,1909f56bfc062723c751e8b465ee728b)  -> (artifact id: '9012f71fc0964e12c906749a90c48cbd') in 0,018062 seconds 
  Import took 0,026805 seconds .

========================================================================
Received Import Request.
  Time since last request: 0,000227 seconds.
  path: Assets/Samples/Perception/0.9.0-preview.2/Tutorial Files/Foreground Objects/Phase 1/Prefabs/drink_whippingcream_lucerne.prefab
  artifactKey: Guid(514fd8bc80a18436f8b85ea96011911c) Importer(815301076,1909f56bfc062723c751e8b465ee728b)
Start importing Assets/Samples/Perception/0.9.0-preview.2/Tutorial Files/Foreground Objects/Phase 1/Prefabs/drink_whippingcream_lucerne.prefab using Guid(514fd8bc80a18436f8b85ea96011911c) Importer(815301076,1909f56bfc062723c751e8b465ee728b)  -> (artifact id: '58a20a76dce1d836a5248d99dbfe9860') in 0,014909 seconds 
  Import took 0,023875 seconds .

========================================================================
Received Import Request.
  Time since last request: 83,291724 seconds.
  path: Assets/asset_free_Ukraine_cars/prefabs_With_Colliders/cars_colliiders/car/car_5/car_5_blue.prefab
  artifactKey: Guid(40b5728c9a8fc364cbfbaadcdeb1af64) Importer(815301076,1909f56bfc062723c751e8b465ee728b)
Start importing Assets/asset_free_Ukraine_cars/prefabs_With_Colliders/cars_colliiders/car/car_5/car_5_blue.prefab using Guid(40b5728c9a8fc364cbfbaadcdeb1af64) Importer(815301076,1909f56bfc062723c751e8b465ee728b)  -> (artifact id: 'c85eb6c5ad7d362f4dc5e83acb73e8b3') in 0,043721 seconds 
  Import took 0,053818 seconds .

========================================================================
Received Import Request.
  Time since last request: 27,600802 seconds.
  path: Assets/asset_free_Ukraine_cars/prefabs_With_Colliders/cars_colliiders/car/car_5/car_5_blue.prefab
  artifactKey: Guid(40b5728c9a8fc364cbfbaadcdeb1af64) Importer(815301076,1909f56bfc062723c751e8b465ee728b)
Start importing Assets/asset_free_Ukraine_cars/prefabs_With_Colliders/cars_colliiders/car/car_5/car_5_blue.prefab using Guid(40b5728c9a8fc364cbfbaadcdeb1af64) Importer(815301076,1909f56bfc062723c751e8b465ee728b)  -> (artifact id: 'a9b284ac867214043e619fc786deb3e6') in 0,013381 seconds 
  Import took 0,022487 seconds .

========================================================================
Received Import Request.
  Time since last request: 0,033405 seconds.
  path: Assets/asset_free_Ukraine_cars/prefabs_With_Colliders/cars_colliiders/car/car_5/car_5_blue.prefab
  artifactKey: Guid(40b5728c9a8fc364cbfbaadcdeb1af64) Importer(815301076,1909f56bfc062723c751e8b465ee728b)
Start importing Assets/asset_free_Ukraine_cars/prefabs_With_Colliders/cars_colliiders/car/car_5/car_5_blue.prefab using Guid(40b5728c9a8fc364cbfbaadcdeb1af64) Importer(815301076,1909f56bfc062723c751e8b465ee728b)  -> (artifact id: 'a9b284ac867214043e619fc786deb3e6') in 0,018550 seconds 
  Import took 0,031413 seconds .

========================================================================
Received Import Request.
  Time since last request: 13,296649 seconds.
  path: Assets/asset_free_Ukraine_cars/prefabs_With_Colliders/cars_colliiders/car/car_5/car_5_blue.prefab
  artifactKey: Guid(40b5728c9a8fc364cbfbaadcdeb1af64) Importer(815301076,1909f56bfc062723c751e8b465ee728b)
Start importing Assets/asset_free_Ukraine_cars/prefabs_With_Colliders/cars_colliiders/car/car_5/car_5_blue.prefab using Guid(40b5728c9a8fc364cbfbaadcdeb1af64) Importer(815301076,1909f56bfc062723c751e8b465ee728b)  -> (artifact id: '7797d54a33bfd0babb1aa84db75aaa69') in 0,014293 seconds 
  Import took 0,023132 seconds .

========================================================================
Received Import Request.
  Time since last request: 13,106576 seconds.
  path: Assets/asset_free_Ukraine_cars/prefabs_With_Colliders/cars_colliiders/car/car_6/car_6_black.prefab
  artifactKey: Guid(788f99c0acce4384a91a6c213fb34068) Importer(815301076,1909f56bfc062723c751e8b465ee728b)
Start importing Assets/asset_free_Ukraine_cars/prefabs_With_Colliders/cars_colliiders/car/car_6/car_6_black.prefab using Guid(788f99c0acce4384a91a6c213fb34068) Importer(815301076,1909f56bfc062723c751e8b465ee728b)  -> (artifact id: 'f139423ba2c2d7f0ace357be59536416') in 0,021809 seconds 
  Import took 0,034448 seconds .

========================================================================
Received Import Request.
  Time since last request: 57,050702 seconds.
  path: Assets/asset_free_Ukraine_cars/prefabs_With_Colliders/cars_colliiders/car/car_6/car_6_black.prefab
  artifactKey: Guid(788f99c0acce4384a91a6c213fb34068) Importer(815301076,1909f56bfc062723c751e8b465ee728b)
Start importing Assets/asset_free_Ukraine_cars/prefabs_With_Colliders/cars_colliiders/car/car_6/car_6_black.prefab using Guid(788f99c0acce4384a91a6c213fb34068) Importer(815301076,1909f56bfc062723c751e8b465ee728b)  -> (artifact id: 'e9c90d2e81275af644dee04cbda81855') in 0,015751 seconds 
  Import took 0,024619 seconds .

========================================================================
Received Import Request.
  Time since last request: 11,680105 seconds.
  path: Assets/asset_free_Ukraine_cars/prefabs_With_Colliders/cars_colliiders/car/car_5/car_5_blue.prefab
  artifactKey: Guid(40b5728c9a8fc364cbfbaadcdeb1af64) Importer(815301076,1909f56bfc062723c751e8b465ee728b)
Start importing Assets/asset_free_Ukraine_cars/prefabs_With_Colliders/cars_colliiders/car/car_5/car_5_blue.prefab using Guid(40b5728c9a8fc364cbfbaadcdeb1af64) Importer(815301076,1909f56bfc062723c751e8b465ee728b)  -> (artifact id: 'fcfadab05cdfaeab08b0f9c175b4ee38') in 0,016245 seconds 
  Import took 0,028172 seconds .

========================================================================
Received Import Request.
  Time since last request: 5,699025 seconds.
  path: Assets/asset_free_Ukraine_cars/prefabs_With_Colliders/cars_colliiders/car/car_5/car_5_blue.prefab
  artifactKey: Guid(40b5728c9a8fc364cbfbaadcdeb1af64) Importer(815301076,1909f56bfc062723c751e8b465ee728b)
Start importing Assets/asset_free_Ukraine_cars/prefabs_With_Colliders/cars_colliiders/car/car_5/car_5_blue.prefab using Guid(40b5728c9a8fc364cbfbaadcdeb1af64) Importer(815301076,1909f56bfc062723c751e8b465ee728b)  -> (artifact id: '0d3e3fba1622dcca901bb88486f72a20') in 0,020869 seconds 
  Import took 0,034986 seconds .

========================================================================
Received Prepare
Registering precompiled user dll's ...
Registered in 0,007974 seconds.
Begin MonoManager ReloadAssembly
Native extension for LinuxStandalone target not found
Native extension for WindowsStandalone target not found
Native extension for OSXStandalone target not found
Native extension for WebGL target not found
Refreshing native plugins compatible for Editor in 1,47 ms, found 3 plugins.
Preloading 0 native plugins for Editor in 0,00 ms.
Mono: successfully reloaded assembly
- Completed reload, in  2,726 seconds
Domain Reload Profiling:
	ReloadAssembly (2727ms)
		BeginReloadAssembly (541ms)
			ExecutionOrderSort (0ms)
			DisableScriptedObjects (15ms)
			BackupInstance (0ms)
			ReleaseScriptingObjects (0ms)
			CreateAndSetChildDomain (98ms)
		EndReloadAssembly (2096ms)
			LoadAssemblies (136ms)
			RebuildTransferFunctionScriptingTraits (0ms)
			SetupTypeCache (614ms)
			ReleaseScriptCaches (2ms)
			RebuildScriptCaches (83ms)
			SetupLoadedEditorAssemblies (946ms)
				LogAssemblyErrors (0ms)
				InitializePlatformSupportModulesInManaged (31ms)
				SetLoadedEditorAssemblies (1ms)
				RefreshPlugins (2ms)
				BeforeProcessingInitializeOnLoad (116ms)
				ProcessInitializeOnLoadAttributes (695ms)
				ProcessInitializeOnLoadMethodAttributes (94ms)
				AfterProcessingInitializeOnLoad (8ms)
				EditorAssembliesLoaded (1ms)
			ExecutionOrderSort2 (0ms)
			AwakeInstancesAfterBackupRestoration (28ms)
Platform modules already initialized, skipping
Shader 'Universal Render Pipeline/Particles/Lit': fallback shader 'Universal Render Pipeline/Particles/SimpleLit' not found
Refreshing native plugins compatible for Editor in 1,08 ms, found 3 plugins.
Preloading 0 native plugins for Editor in 0,00 ms.
Unloading 3160 Unused Serialized files (Serialized files now loaded: 0)
System memory in use before: 135,5 MB.
System memory in use after: 135,5 MB.

Unloading 35 unused Assets to reduce memory usage. Loaded Objects now: 3748.
Total: 11,634890 ms (FindLiveObjects: 0,803558 ms CreateObjectMapping: 0,179644 ms MarkObjects: 10,429247 ms  DeleteObjects: 0,219565 ms)

AssetImportParameters requested are different than current active one (requested -> active):
  custom:video-decoder-ogg-theora: a1e56fd34408186e4bbccfd4996cb3dc -> 
  custom:container-muxer-webm: aa71ff27fc2769a1b78a27578f13a17b -> 
  custom:container-demuxer-webm: 4f35f7cbe854078d1ac9338744f61a02 -> 
  custom:container-demuxer-ogg: 62fdf1f143b41e24485cea50d1cbac27 -> 
  custom:video-encoder-webm-vp8: eb34c28f22e8b96e1ab97ce403110664 -> 
  custom:video-decoder-webm-vp8: 9c59270c3fd7afecdb556c50c9e8de78 -> 
  custom:audio-decoder-ogg-vorbis: bf7c407c2cedff20999df2af8eb42d56 -> 
  custom:audio-encoder-webm-vorbis: bf7c407c2cedff20999df2af8eb42d56 -> 
========================================================================
Received Import Request.
  Time since last request: 214,265102 seconds.
  path: Packages/com.unity.perception/Tests/Runtime/Randomization/ScenarioTests/Resources/sampleAnimationPoseConfig.asset
  artifactKey: Guid(92646dbc24d95413084b0787214fdcb3) Importer(815301076,1909f56bfc062723c751e8b465ee728b)
Start importing Packages/com.unity.perception/Tests/Runtime/Randomization/ScenarioTests/Resources/sampleAnimationPoseConfig.asset using Guid(92646dbc24d95413084b0787214fdcb3) Importer(815301076,1909f56bfc062723c751e8b465ee728b)  -> (artifact id: '13c3b21fab9115a5cf557d30ec18d28d') in 0,021216 seconds 
  Import took 0,030842 seconds .

========================================================================
Received Import Request.
  Time since last request: 0,000292 seconds.
  path: Packages/com.unity.perception/Tests/Runtime/Randomization/ScenarioTests/Resources/sampleIdLabelConfig.asset
  artifactKey: Guid(c3dce9f8036624486bdc1e97f0934aa1) Importer(815301076,1909f56bfc062723c751e8b465ee728b)
Start importing Packages/com.unity.perception/Tests/Runtime/Randomization/ScenarioTests/Resources/sampleIdLabelConfig.asset using Guid(c3dce9f8036624486bdc1e97f0934aa1) Importer(815301076,1909f56bfc062723c751e8b465ee728b)  -> (artifact id: 'a97e971f14fc1bf886b60ab3e0ec1554') in 0,006118 seconds 
  Import took 0,017648 seconds .

========================================================================
Received Prepare
Registering precompiled user dll's ...
Registered in 0,005963 seconds.
Begin MonoManager ReloadAssembly
Native extension for LinuxStandalone target not found
Native extension for WindowsStandalone target not found
Native extension for OSXStandalone target not found
Native extension for WebGL target not found
Refreshing native plugins compatible for Editor in 1,70 ms, found 3 plugins.
Preloading 0 native plugins for Editor in 0,00 ms.
Mono: successfully reloaded assembly
- Completed reload, in  3,594 seconds
Domain Reload Profiling:
	ReloadAssembly (3594ms)
		BeginReloadAssembly (1597ms)
			ExecutionOrderSort (0ms)
			DisableScriptedObjects (11ms)
			BackupInstance (0ms)
			ReleaseScriptingObjects (0ms)
			CreateAndSetChildDomain (74ms)
		EndReloadAssembly (1889ms)
			LoadAssemblies (119ms)
			RebuildTransferFunctionScriptingTraits (0ms)
			SetupTypeCache (534ms)
			ReleaseScriptCaches (2ms)
			RebuildScriptCaches (86ms)
			SetupLoadedEditorAssemblies (880ms)
				LogAssemblyErrors (0ms)
				InitializePlatformSupportModulesInManaged (23ms)
				SetLoadedEditorAssemblies (1ms)
				RefreshPlugins (2ms)
				BeforeProcessingInitializeOnLoad (122ms)
				ProcessInitializeOnLoadAttributes (623ms)
				ProcessInitializeOnLoadMethodAttributes (101ms)
				AfterProcessingInitializeOnLoad (7ms)
				EditorAssembliesLoaded (1ms)
			ExecutionOrderSort2 (0ms)
			AwakeInstancesAfterBackupRestoration (32ms)
Platform modules already initialized, skipping
Shader 'Universal Render Pipeline/Particles/Lit': fallback shader 'Universal Render Pipeline/Particles/SimpleLit' not found
Refreshing native plugins compatible for Editor in 1,60 ms, found 3 plugins.
Preloading 0 native plugins for Editor in 0,00 ms.
Unloading 3160 Unused Serialized files (Serialized files now loaded: 0)
System memory in use before: 135,6 MB.
System memory in use after: 135,6 MB.

Unloading 35 unused Assets to reduce memory usage. Loaded Objects now: 3752.
Total: 12,932771 ms (FindLiveObjects: 0,593149 ms CreateObjectMapping: 0,272278 ms MarkObjects: 11,798955 ms  DeleteObjects: 0,265871 ms)

AssetImportParameters requested are different than current active one (requested -> active):
  custom:video-decoder-ogg-theora: a1e56fd34408186e4bbccfd4996cb3dc -> 
  custom:container-muxer-webm: aa71ff27fc2769a1b78a27578f13a17b -> 
  custom:container-demuxer-webm: 4f35f7cbe854078d1ac9338744f61a02 -> 
  custom:container-demuxer-ogg: 62fdf1f143b41e24485cea50d1cbac27 -> 
  custom:video-encoder-webm-vp8: eb34c28f22e8b96e1ab97ce403110664 -> 
  custom:video-decoder-webm-vp8: 9c59270c3fd7afecdb556c50c9e8de78 -> 
  custom:audio-decoder-ogg-vorbis: bf7c407c2cedff20999df2af8eb42d56 -> 
  custom:audio-encoder-webm-vorbis: bf7c407c2cedff20999df2af8eb42d56 -> 
========================================================================
Received Prepare
Registering precompiled user dll's ...
Registered in 0,007253 seconds.
Begin MonoManager ReloadAssembly
Native extension for LinuxStandalone target not found
Native extension for WindowsStandalone target not found
Native extension for OSXStandalone target not found
Native extension for WebGL target not found
Refreshing native plugins compatible for Editor in 1,05 ms, found 3 plugins.
Preloading 0 native plugins for Editor in 0,00 ms.
Mono: successfully reloaded assembly
- Completed reload, in  6,276 seconds
Domain Reload Profiling:
	ReloadAssembly (6276ms)
		BeginReloadAssembly (4374ms)
			ExecutionOrderSort (0ms)
			DisableScriptedObjects (11ms)
			BackupInstance (0ms)
			ReleaseScriptingObjects (0ms)
			CreateAndSetChildDomain (86ms)
		EndReloadAssembly (1797ms)
			LoadAssemblies (122ms)
			RebuildTransferFunctionScriptingTraits (0ms)
			SetupTypeCache (520ms)
			ReleaseScriptCaches (2ms)
			RebuildScriptCaches (73ms)
			SetupLoadedEditorAssemblies (858ms)
				LogAssemblyErrors (0ms)
				InitializePlatformSupportModulesInManaged (21ms)
				SetLoadedEditorAssemblies (1ms)
				RefreshPlugins (1ms)
				BeforeProcessingInitializeOnLoad (121ms)
				ProcessInitializeOnLoadAttributes (613ms)
				ProcessInitializeOnLoadMethodAttributes (95ms)
				AfterProcessingInitializeOnLoad (6ms)
				EditorAssembliesLoaded (0ms)
			ExecutionOrderSort2 (0ms)
			AwakeInstancesAfterBackupRestoration (22ms)
Platform modules already initialized, skipping
Shader 'Universal Render Pipeline/Particles/Lit': fallback shader 'Universal Render Pipeline/Particles/SimpleLit' not found
Refreshing native plugins compatible for Editor in 1,01 ms, found 3 plugins.
Preloading 0 native plugins for Editor in 0,00 ms.
Unloading 3160 Unused Serialized files (Serialized files now loaded: 0)
System memory in use before: 135,6 MB.
System memory in use after: 135,6 MB.

Unloading 35 unused Assets to reduce memory usage. Loaded Objects now: 3756.
Total: 10,828980 ms (FindLiveObjects: 0,726716 ms CreateObjectMapping: 0,392589 ms MarkObjects: 9,412700 ms  DeleteObjects: 0,292287 ms)

AssetImportParameters requested are different than current active one (requested -> active):
  custom:video-decoder-ogg-theora: a1e56fd34408186e4bbccfd4996cb3dc -> 
  custom:container-muxer-webm: aa71ff27fc2769a1b78a27578f13a17b -> 
  custom:container-demuxer-webm: 4f35f7cbe854078d1ac9338744f61a02 -> 
  custom:container-demuxer-ogg: 62fdf1f143b41e24485cea50d1cbac27 -> 
  custom:video-encoder-webm-vp8: eb34c28f22e8b96e1ab97ce403110664 -> 
  custom:video-decoder-webm-vp8: 9c59270c3fd7afecdb556c50c9e8de78 -> 
  custom:audio-decoder-ogg-vorbis: bf7c407c2cedff20999df2af8eb42d56 -> 
  custom:audio-encoder-webm-vorbis: bf7c407c2cedff20999df2af8eb42d56 -> 
========================================================================
Received Import Request.
  Time since last request: 2038,555804 seconds.
  path: Assets/Samples/Perception/0.9.0-preview.2/Tutorial Files/Background Objects/Prefabs/Cube_hardedge_01.prefab
  artifactKey: Guid(7dd7f1e1f85b04c908d48829d22f4f8b) Importer(815301076,1909f56bfc062723c751e8b465ee728b)
Start importing Assets/Samples/Perception/0.9.0-preview.2/Tutorial Files/Background Objects/Prefabs/Cube_hardedge_01.prefab using Guid(7dd7f1e1f85b04c908d48829d22f4f8b) Importer(815301076,1909f56bfc062723c751e8b465ee728b)  -> (artifact id: '81e6eb2212cd2a6b8c0cf4534e1debe6') in 0,248044 seconds 
  Import took 0,257077 seconds .

========================================================================
Received Import Request.
  Time since last request: 0,000531 seconds.
  path: Assets/Samples/Perception/0.9.0-preview.2/Tutorial Files/Background Objects/Prefabs/Sphere_quad_01.prefab
  artifactKey: Guid(b65643442652f4e5cac1ba8a138fe11b) Importer(815301076,1909f56bfc062723c751e8b465ee728b)
Start importing Assets/Samples/Perception/0.9.0-preview.2/Tutorial Files/Background Objects/Prefabs/Sphere_quad_01.prefab using Guid(b65643442652f4e5cac1ba8a138fe11b) Importer(815301076,1909f56bfc062723c751e8b465ee728b)  -> (artifact id: '9710ed1d46cab59be8cb2083f6e2a043') in 0,012022 seconds 
  Import took 0,020078 seconds .

========================================================================
Received Import Request.
  Time since last request: 0,000265 seconds.
  path: Assets/Samples/Perception/0.9.0-preview.2/Tutorial Files/Background Objects/Prefabs/Cylinder_hardedge_01.prefab
  artifactKey: Guid(1279cedc9a7594696816ed4895a5a0a9) Importer(815301076,1909f56bfc062723c751e8b465ee728b)
Start importing Assets/Samples/Perception/0.9.0-preview.2/Tutorial Files/Background Objects/Prefabs/Cylinder_hardedge_01.prefab using Guid(1279cedc9a7594696816ed4895a5a0a9) Importer(815301076,1909f56bfc062723c751e8b465ee728b)  -> (artifact id: '817243fedd8ebe76c0e88d9d1f892eed') in 0,011814 seconds 
  Import took 0,022031 seconds .

========================================================================
Received Import Request.
  Time since last request: 0,000237 seconds.
  path: Assets/Samples/Perception/0.9.0-preview.2/Tutorial Files/Background Objects/Prefabs/Cube_hardedge_02.prefab
  artifactKey: Guid(95c2ed58ec23643a698c890a152f30c8) Importer(815301076,1909f56bfc062723c751e8b465ee728b)
Start importing Assets/Samples/Perception/0.9.0-preview.2/Tutorial Files/Background Objects/Prefabs/Cube_hardedge_02.prefab using Guid(95c2ed58ec23643a698c890a152f30c8) Importer(815301076,1909f56bfc062723c751e8b465ee728b)  -> (artifact id: 'e71d58db784c79230bba2305b39c802b') in 0,014744 seconds 
  Import took 0,023406 seconds .

========================================================================
Received Import Request.
  Time since last request: 0,000223 seconds.
  path: Assets/Samples/Perception/0.9.0-preview.2/Tutorial Files/Background Objects/Prefabs/Cylinder_roundedge_01.prefab
  artifactKey: Guid(0f54a45900eb3485eae0701715746760) Importer(815301076,1909f56bfc062723c751e8b465ee728b)
Start importing Assets/Samples/Perception/0.9.0-preview.2/Tutorial Files/Background Objects/Prefabs/Cylinder_roundedge_01.prefab using Guid(0f54a45900eb3485eae0701715746760) Importer(815301076,1909f56bfc062723c751e8b465ee728b)  -> (artifact id: '4bf2d98c11941d3e8056cd707d3c678d') in 0,011756 seconds 
  Import took 0,020329 seconds .

========================================================================
Received Import Request.
  Time since last request: 0,000281 seconds.
  path: Assets/Samples/Perception/0.9.0-preview.2/Tutorial Files/Background Objects/Prefabs/Cube_roundedge_01.prefab
  artifactKey: Guid(a75f34e297d0d41939b1f730f6556b8a) Importer(815301076,1909f56bfc062723c751e8b465ee728b)
Start importing Assets/Samples/Perception/0.9.0-preview.2/Tutorial Files/Background Objects/Prefabs/Cube_roundedge_01.prefab using Guid(a75f34e297d0d41939b1f730f6556b8a) Importer(815301076,1909f56bfc062723c751e8b465ee728b)  -> (artifact id: 'a81edbc21cc68e698659895308c78636') in 0,011182 seconds 
  Import took 0,022313 seconds .

========================================================================
Received Import Request.
  Time since last request: 0,000380 seconds.
  path: Assets/Samples/Perception/0.9.0-preview.2/Tutorial Files/Background Objects/Prefabs/Cylinder_roundedge_02.prefab
  artifactKey: Guid(2bda33803207144f1b850250904cd924) Importer(815301076,1909f56bfc062723c751e8b465ee728b)
Start importing Assets/Samples/Perception/0.9.0-preview.2/Tutorial Files/Background Objects/Prefabs/Cylinder_roundedge_02.prefab using Guid(2bda33803207144f1b850250904cd924) Importer(815301076,1909f56bfc062723c751e8b465ee728b)  -> (artifact id: '4b2132b08fd1178f8cfc1f1953ce387d') in 0,018668 seconds 
  Import took 0,027137 seconds .

========================================================================
Received Import Request.
  Time since last request: 0,000257 seconds.
  path: Assets/Samples/Perception/0.9.0-preview.2/Tutorial Files/Background Objects/Prefabs/Cube_roundedge_02.prefab
  artifactKey: Guid(9d09d824be2fe4617b33bb31e9eeca96) Importer(815301076,1909f56bfc062723c751e8b465ee728b)
Start importing Assets/Samples/Perception/0.9.0-preview.2/Tutorial Files/Background Objects/Prefabs/Cube_roundedge_02.prefab using Guid(9d09d824be2fe4617b33bb31e9eeca96) Importer(815301076,1909f56bfc062723c751e8b465ee728b)  -> (artifact id: 'd4c30e4e56c264d32d035d8aca710b48') in 0,011388 seconds 
  Import took 0,022109 seconds .

========================================================================
Received Import Request.
  Time since last request: 0,000491 seconds.
  path: Assets/Samples/Perception/0.9.0-preview.2/Tutorial Files/Background Objects/Prefabs/Cylinder_hardedge_02.prefab
  artifactKey: Guid(a3a4f0ca1fc1e47608346e3ebad64473) Importer(815301076,1909f56bfc062723c751e8b465ee728b)
Start importing Assets/Samples/Perception/0.9.0-preview.2/Tutorial Files/Background Objects/Prefabs/Cylinder_hardedge_02.prefab using Guid(a3a4f0ca1fc1e47608346e3ebad64473) Importer(815301076,1909f56bfc062723c751e8b465ee728b)  -> (artifact id: '867eaf9e2c3afc33b301e12defe27cda') in 0,013151 seconds 
  Import took 0,022136 seconds .

========================================================================
Received Import Request.
  Time since last request: 0,000208 seconds.
  path: Assets/Samples/Perception/0.9.0-preview.2/Tutorial Files/Background Objects/Prefabs/Sphere_quad_02.prefab
  artifactKey: Guid(02d0dd79e02e54b0497c611f55f79aff) Importer(815301076,1909f56bfc062723c751e8b465ee728b)
Start importing Assets/Samples/Perception/0.9.0-preview.2/Tutorial Files/Background Objects/Prefabs/Sphere_quad_02.prefab using Guid(02d0dd79e02e54b0497c611f55f79aff) Importer(815301076,1909f56bfc062723c751e8b465ee728b)  -> (artifact id: '5f66f256ba85e1bfd0d8a01b83bea556') in 0,014692 seconds 
  Import took 0,025505 seconds .

========================================================================
Received Import Request.
  Time since last request: 0,017062 seconds.
  path: Assets/Samples/Perception/0.9.0-preview.2/Tutorial Files/Background Objects/Prefabs/Sphere_quad_02.prefab
  artifactKey: Guid(02d0dd79e02e54b0497c611f55f79aff) Importer(815301076,1909f56bfc062723c751e8b465ee728b)
Start importing Assets/Samples/Perception/0.9.0-preview.2/Tutorial Files/Background Objects/Prefabs/Sphere_quad_02.prefab using Guid(02d0dd79e02e54b0497c611f55f79aff) Importer(815301076,1909f56bfc062723c751e8b465ee728b)  -> (artifact id: '5f66f256ba85e1bfd0d8a01b83bea556') in 0,011905 seconds 
  Import took 0,022521 seconds .

========================================================================
Received Import Request.
  Time since last request: 130,920929 seconds.
  path: Assets/Samples/Perception/0.9.0-preview.2/Tutorial Files/Background Objects/Prefabs/Cube_hardedge_01.prefab
  artifactKey: Guid(7dd7f1e1f85b04c908d48829d22f4f8b) Importer(815301076,1909f56bfc062723c751e8b465ee728b)
Start importing Assets/Samples/Perception/0.9.0-preview.2/Tutorial Files/Background Objects/Prefabs/Cube_hardedge_01.prefab using Guid(7dd7f1e1f85b04c908d48829d22f4f8b) Importer(815301076,1909f56bfc062723c751e8b465ee728b)  -> (artifact id: '4c3487bb35fd4820ac212837d6e09c7d') in 0,018139 seconds 
  Import took 0,030111 seconds .

========================================================================
Received Import Request.
  Time since last request: 0,000318 seconds.
  path: Assets/Samples/Perception/0.9.0-preview.2/Tutorial Files/Background Objects/Prefabs/Sphere_quad_01.prefab
  artifactKey: Guid(b65643442652f4e5cac1ba8a138fe11b) Importer(815301076,1909f56bfc062723c751e8b465ee728b)
Start importing Assets/Samples/Perception/0.9.0-preview.2/Tutorial Files/Background Objects/Prefabs/Sphere_quad_01.prefab using Guid(b65643442652f4e5cac1ba8a138fe11b) Importer(815301076,1909f56bfc062723c751e8b465ee728b)  -> (artifact id: '09ed7045dda0f38bd62d1fde83ac1744') in 0,015454 seconds 
  Import took 0,027227 seconds .

========================================================================
Received Import Request.
  Time since last request: 0,000267 seconds.
  path: Assets/Samples/Perception/0.9.0-preview.2/Tutorial Files/Background Objects/Prefabs/Cylinder_hardedge_01.prefab
  artifactKey: Guid(1279cedc9a7594696816ed4895a5a0a9) Importer(815301076,1909f56bfc062723c751e8b465ee728b)
Start importing Assets/Samples/Perception/0.9.0-preview.2/Tutorial Files/Background Objects/Prefabs/Cylinder_hardedge_01.prefab using Guid(1279cedc9a7594696816ed4895a5a0a9) Importer(815301076,1909f56bfc062723c751e8b465ee728b)  -> (artifact id: 'cd947e9276feb04b7421e34fe5d6cbce') in 0,014860 seconds 
  Import took 0,026411 seconds .

========================================================================
Received Import Request.
  Time since last request: 0,000339 seconds.
  path: Assets/Samples/Perception/0.9.0-preview.2/Tutorial Files/Background Objects/Prefabs/Cube_hardedge_02.prefab
  artifactKey: Guid(95c2ed58ec23643a698c890a152f30c8) Importer(815301076,1909f56bfc062723c751e8b465ee728b)
Start importing Assets/Samples/Perception/0.9.0-preview.2/Tutorial Files/Background Objects/Prefabs/Cube_hardedge_02.prefab using Guid(95c2ed58ec23643a698c890a152f30c8) Importer(815301076,1909f56bfc062723c751e8b465ee728b)  -> (artifact id: '021704f6b2b80d175b238c2b58f4fb76') in 0,013819 seconds 
  Import took 0,024442 seconds .

========================================================================
Received Import Request.
  Time since last request: 0,000288 seconds.
  path: Assets/Samples/Perception/0.9.0-preview.2/Tutorial Files/Background Objects/Prefabs/Cylinder_roundedge_01.prefab
  artifactKey: Guid(0f54a45900eb3485eae0701715746760) Importer(815301076,1909f56bfc062723c751e8b465ee728b)
Start importing Assets/Samples/Perception/0.9.0-preview.2/Tutorial Files/Background Objects/Prefabs/Cylinder_roundedge_01.prefab using Guid(0f54a45900eb3485eae0701715746760) Importer(815301076,1909f56bfc062723c751e8b465ee728b)  -> (artifact id: '475b0aa73aaec76e3060be9b21c5f580') in 0,014169 seconds 
  Import took 0,025374 seconds .

========================================================================
Received Import Request.
  Time since last request: 0,000266 seconds.
  path: Assets/Samples/Perception/0.9.0-preview.2/Tutorial Files/Background Objects/Prefabs/Cube_roundedge_01.prefab
  artifactKey: Guid(a75f34e297d0d41939b1f730f6556b8a) Importer(815301076,1909f56bfc062723c751e8b465ee728b)
Start importing Assets/Samples/Perception/0.9.0-preview.2/Tutorial Files/Background Objects/Prefabs/Cube_roundedge_01.prefab using Guid(a75f34e297d0d41939b1f730f6556b8a) Importer(815301076,1909f56bfc062723c751e8b465ee728b)  -> (artifact id: '14be9b40e8c63637c3a92a2015c4f8d1') in 0,013928 seconds 
  Import took 0,024716 seconds .

========================================================================
Received Import Request.
  Time since last request: 0,000299 seconds.
  path: Assets/Samples/Perception/0.9.0-preview.2/Tutorial Files/Background Objects/Prefabs/Cylinder_roundedge_02.prefab
  artifactKey: Guid(2bda33803207144f1b850250904cd924) Importer(815301076,1909f56bfc062723c751e8b465ee728b)
Start importing Assets/Samples/Perception/0.9.0-preview.2/Tutorial Files/Background Objects/Prefabs/Cylinder_roundedge_02.prefab using Guid(2bda33803207144f1b850250904cd924) Importer(815301076,1909f56bfc062723c751e8b465ee728b)  -> (artifact id: '15df356995d1a5bc895ae9de02e20ecc') in 0,017564 seconds 
  Import took 0,027993 seconds .

========================================================================
Received Import Request.
  Time since last request: 0,000251 seconds.
  path: Assets/Samples/Perception/0.9.0-preview.2/Tutorial Files/Background Objects/Prefabs/Cube_roundedge_02.prefab
  artifactKey: Guid(9d09d824be2fe4617b33bb31e9eeca96) Importer(815301076,1909f56bfc062723c751e8b465ee728b)
Start importing Assets/Samples/Perception/0.9.0-preview.2/Tutorial Files/Background Objects/Prefabs/Cube_roundedge_02.prefab using Guid(9d09d824be2fe4617b33bb31e9eeca96) Importer(815301076,1909f56bfc062723c751e8b465ee728b)  -> (artifact id: '315595f8132d83a1b4d962b90269fc41') in 0,015433 seconds 
  Import took 0,027350 seconds .

========================================================================
Received Import Request.
  Time since last request: 0,000406 seconds.
  path: Assets/Samples/Perception/0.9.0-preview.2/Tutorial Files/Background Objects/Prefabs/Cylinder_hardedge_02.prefab
  artifactKey: Guid(a3a4f0ca1fc1e47608346e3ebad64473) Importer(815301076,1909f56bfc062723c751e8b465ee728b)
Start importing Assets/Samples/Perception/0.9.0-preview.2/Tutorial Files/Background Objects/Prefabs/Cylinder_hardedge_02.prefab using Guid(a3a4f0ca1fc1e47608346e3ebad64473) Importer(815301076,1909f56bfc062723c751e8b465ee728b)  -> (artifact id: '2c52c043d46a54849f55a947eb91bc19') in 0,011631 seconds 
  Import took 0,020803 seconds .

========================================================================
Received Import Request.
  Time since last request: 0,000214 seconds.
  path: Assets/Samples/Perception/0.9.0-preview.2/Tutorial Files/Background Objects/Prefabs/Sphere_quad_02.prefab
  artifactKey: Guid(02d0dd79e02e54b0497c611f55f79aff) Importer(815301076,1909f56bfc062723c751e8b465ee728b)
Start importing Assets/Samples/Perception/0.9.0-preview.2/Tutorial Files/Background Objects/Prefabs/Sphere_quad_02.prefab using Guid(02d0dd79e02e54b0497c611f55f79aff) Importer(815301076,1909f56bfc062723c751e8b465ee728b)  -> (artifact id: '6a8dfcdc8927798cb0267cc305fcdfb5') in 0,010232 seconds 
  Import took 0,018800 seconds .

========================================================================
Received Import Request.
  Time since last request: 34,097179 seconds.
  path: Assets/Samples/Perception/0.9.0-preview.2/Tutorial Files/Background Objects/Prefabs/Cube_hardedge_01.prefab
  artifactKey: Guid(7dd7f1e1f85b04c908d48829d22f4f8b) Importer(815301076,1909f56bfc062723c751e8b465ee728b)
Start importing Assets/Samples/Perception/0.9.0-preview.2/Tutorial Files/Background Objects/Prefabs/Cube_hardedge_01.prefab using Guid(7dd7f1e1f85b04c908d48829d22f4f8b) Importer(815301076,1909f56bfc062723c751e8b465ee728b)  -> (artifact id: 'ec113ce85b0fe0af37d921f628daf940') in 0,014471 seconds 
  Import took 0,024317 seconds .

========================================================================
Received Import Request.
  Time since last request: 0,000210 seconds.
  path: Assets/Samples/Perception/0.9.0-preview.2/Tutorial Files/Background Objects/Prefabs/Sphere_quad_01.prefab
  artifactKey: Guid(b65643442652f4e5cac1ba8a138fe11b) Importer(815301076,1909f56bfc062723c751e8b465ee728b)
Start importing Assets/Samples/Perception/0.9.0-preview.2/Tutorial Files/Background Objects/Prefabs/Sphere_quad_01.prefab using Guid(b65643442652f4e5cac1ba8a138fe11b) Importer(815301076,1909f56bfc062723c751e8b465ee728b)  -> (artifact id: '0beb23ef5e4d7789e32dba118e37c503') in 0,011656 seconds 
  Import took 0,022917 seconds .

========================================================================
Received Import Request.
  Time since last request: 0,000313 seconds.
  path: Assets/Samples/Perception/0.9.0-preview.2/Tutorial Files/Background Objects/Prefabs/Cylinder_hardedge_01.prefab
  artifactKey: Guid(1279cedc9a7594696816ed4895a5a0a9) Importer(815301076,1909f56bfc062723c751e8b465ee728b)
Start importing Assets/Samples/Perception/0.9.0-preview.2/Tutorial Files/Background Objects/Prefabs/Cylinder_hardedge_01.prefab using Guid(1279cedc9a7594696816ed4895a5a0a9) Importer(815301076,1909f56bfc062723c751e8b465ee728b)  -> (artifact id: 'a77829fc481986784d8469898ef8fd1c') in 0,011072 seconds 
  Import took 0,020436 seconds .

========================================================================
Received Import Request.
  Time since last request: 0,000215 seconds.
  path: Assets/Samples/Perception/0.9.0-preview.2/Tutorial Files/Background Objects/Prefabs/Cube_hardedge_02.prefab
  artifactKey: Guid(95c2ed58ec23643a698c890a152f30c8) Importer(815301076,1909f56bfc062723c751e8b465ee728b)
Start importing Assets/Samples/Perception/0.9.0-preview.2/Tutorial Files/Background Objects/Prefabs/Cube_hardedge_02.prefab using Guid(95c2ed58ec23643a698c890a152f30c8) Importer(815301076,1909f56bfc062723c751e8b465ee728b)  -> (artifact id: '448e1cc570670bc64e7bf90dd0f8d2df') in 0,012130 seconds 
  Import took 0,020233 seconds .

========================================================================
Received Import Request.
  Time since last request: 0,000202 seconds.
  path: Assets/Samples/Perception/0.9.0-preview.2/Tutorial Files/Background Objects/Prefabs/Cylinder_roundedge_01.prefab
  artifactKey: Guid(0f54a45900eb3485eae0701715746760) Importer(815301076,1909f56bfc062723c751e8b465ee728b)
Start importing Assets/Samples/Perception/0.9.0-preview.2/Tutorial Files/Background Objects/Prefabs/Cylinder_roundedge_01.prefab using Guid(0f54a45900eb3485eae0701715746760) Importer(815301076,1909f56bfc062723c751e8b465ee728b)  -> (artifact id: '551cd6b953ae1bd011757c902fe3de59') in 0,013398 seconds 
  Import took 0,022218 seconds .

========================================================================
Received Import Request.
  Time since last request: 0,000311 seconds.
  path: Assets/Samples/Perception/0.9.0-preview.2/Tutorial Files/Background Objects/Prefabs/Cube_roundedge_01.prefab
  artifactKey: Guid(a75f34e297d0d41939b1f730f6556b8a) Importer(815301076,1909f56bfc062723c751e8b465ee728b)
Start importing Assets/Samples/Perception/0.9.0-preview.2/Tutorial Files/Background Objects/Prefabs/Cube_roundedge_01.prefab using Guid(a75f34e297d0d41939b1f730f6556b8a) Importer(815301076,1909f56bfc062723c751e8b465ee728b)  -> (artifact id: '30c2d5494db9107f454d64bc2931459e') in 0,015581 seconds 
  Import took 0,025976 seconds .

========================================================================
Received Import Request.
  Time since last request: 0,000303 seconds.
  path: Assets/Samples/Perception/0.9.0-preview.2/Tutorial Files/Background Objects/Prefabs/Cylinder_roundedge_02.prefab
  artifactKey: Guid(2bda33803207144f1b850250904cd924) Importer(815301076,1909f56bfc062723c751e8b465ee728b)
Start importing Assets/Samples/Perception/0.9.0-preview.2/Tutorial Files/Background Objects/Prefabs/Cylinder_roundedge_02.prefab using Guid(2bda33803207144f1b850250904cd924) Importer(815301076,1909f56bfc062723c751e8b465ee728b)  -> (artifact id: '6818cb9c27b9117756f24aa129a25843') in 0,015331 seconds 
  Import took 0,025518 seconds .

========================================================================
Received Import Request.
  Time since last request: 0,000209 seconds.
  path: Assets/Samples/Perception/0.9.0-preview.2/Tutorial Files/Background Objects/Prefabs/Cube_roundedge_02.prefab
  artifactKey: Guid(9d09d824be2fe4617b33bb31e9eeca96) Importer(815301076,1909f56bfc062723c751e8b465ee728b)
Start importing Assets/Samples/Perception/0.9.0-preview.2/Tutorial Files/Background Objects/Prefabs/Cube_roundedge_02.prefab using Guid(9d09d824be2fe4617b33bb31e9eeca96) Importer(815301076,1909f56bfc062723c751e8b465ee728b)  -> (artifact id: '888de9d36126e803ea51f14a6dc73d5e') in 0,015951 seconds 
  Import took 0,027070 seconds .

========================================================================
Received Import Request.
  Time since last request: 0,000284 seconds.
  path: Assets/Samples/Perception/0.9.0-preview.2/Tutorial Files/Background Objects/Prefabs/Cylinder_hardedge_02.prefab
  artifactKey: Guid(a3a4f0ca1fc1e47608346e3ebad64473) Importer(815301076,1909f56bfc062723c751e8b465ee728b)
Start importing Assets/Samples/Perception/0.9.0-preview.2/Tutorial Files/Background Objects/Prefabs/Cylinder_hardedge_02.prefab using Guid(a3a4f0ca1fc1e47608346e3ebad64473) Importer(815301076,1909f56bfc062723c751e8b465ee728b)  -> (artifact id: '1ad503c420d009b2fb5acc95f6c874d0') in 0,015016 seconds 
  Import took 0,025949 seconds .

========================================================================
Received Import Request.
  Time since last request: 0,000285 seconds.
  path: Assets/Samples/Perception/0.9.0-preview.2/Tutorial Files/Background Objects/Prefabs/Sphere_quad_02.prefab
  artifactKey: Guid(02d0dd79e02e54b0497c611f55f79aff) Importer(815301076,1909f56bfc062723c751e8b465ee728b)
Start importing Assets/Samples/Perception/0.9.0-preview.2/Tutorial Files/Background Objects/Prefabs/Sphere_quad_02.prefab using Guid(02d0dd79e02e54b0497c611f55f79aff) Importer(815301076,1909f56bfc062723c751e8b465ee728b)  -> (artifact id: 'faf0d686a8b4c55a9904e8938c8cec69') in 0,012396 seconds 
  Import took 0,021447 seconds .

========================================================================
Received Import Request.
  Time since last request: 6,366537 seconds.
  path: Assets/Samples/Perception/0.9.0-preview.2/Tutorial Files/Background Objects/Prefabs/Cube_hardedge_01.prefab
  artifactKey: Guid(7dd7f1e1f85b04c908d48829d22f4f8b) Importer(815301076,1909f56bfc062723c751e8b465ee728b)
Start importing Assets/Samples/Perception/0.9.0-preview.2/Tutorial Files/Background Objects/Prefabs/Cube_hardedge_01.prefab using Guid(7dd7f1e1f85b04c908d48829d22f4f8b) Importer(815301076,1909f56bfc062723c751e8b465ee728b)  -> (artifact id: 'e5bf5bab954dbb466ee6f2fcfe335bd8') in 0,015078 seconds 
  Import took 0,024844 seconds .

========================================================================
Received Import Request.
  Time since last request: 0,000200 seconds.
  path: Assets/Samples/Perception/0.9.0-preview.2/Tutorial Files/Background Objects/Prefabs/Sphere_quad_01.prefab
  artifactKey: Guid(b65643442652f4e5cac1ba8a138fe11b) Importer(815301076,1909f56bfc062723c751e8b465ee728b)
Start importing Assets/Samples/Perception/0.9.0-preview.2/Tutorial Files/Background Objects/Prefabs/Sphere_quad_01.prefab using Guid(b65643442652f4e5cac1ba8a138fe11b) Importer(815301076,1909f56bfc062723c751e8b465ee728b)  -> (artifact id: '1e6d0f865a0032c1887153f322d6d66b') in 0,012821 seconds 
  Import took 0,021427 seconds .

========================================================================
Received Import Request.
  Time since last request: 0,000209 seconds.
  path: Assets/Samples/Perception/0.9.0-preview.2/Tutorial Files/Background Objects/Prefabs/Cylinder_hardedge_01.prefab
  artifactKey: Guid(1279cedc9a7594696816ed4895a5a0a9) Importer(815301076,1909f56bfc062723c751e8b465ee728b)
Start importing Assets/Samples/Perception/0.9.0-preview.2/Tutorial Files/Background Objects/Prefabs/Cylinder_hardedge_01.prefab using Guid(1279cedc9a7594696816ed4895a5a0a9) Importer(815301076,1909f56bfc062723c751e8b465ee728b)  -> (artifact id: '4a3a07f115ee76832897f80475eb450e') in 0,011555 seconds 
  Import took 0,019644 seconds .

========================================================================
Received Import Request.
  Time since last request: 0,000236 seconds.
  path: Assets/Samples/Perception/0.9.0-preview.2/Tutorial Files/Background Objects/Prefabs/Cube_hardedge_02.prefab
  artifactKey: Guid(95c2ed58ec23643a698c890a152f30c8) Importer(815301076,1909f56bfc062723c751e8b465ee728b)
Start importing Assets/Samples/Perception/0.9.0-preview.2/Tutorial Files/Background Objects/Prefabs/Cube_hardedge_02.prefab using Guid(95c2ed58ec23643a698c890a152f30c8) Importer(815301076,1909f56bfc062723c751e8b465ee728b)  -> (artifact id: '37348ab346b093a9724b9444ba9775e4') in 0,012121 seconds 
  Import took 0,020396 seconds .

========================================================================
Received Import Request.
  Time since last request: 0,000218 seconds.
  path: Assets/Samples/Perception/0.9.0-preview.2/Tutorial Files/Background Objects/Prefabs/Cylinder_roundedge_01.prefab
  artifactKey: Guid(0f54a45900eb3485eae0701715746760) Importer(815301076,1909f56bfc062723c751e8b465ee728b)
Start importing Assets/Samples/Perception/0.9.0-preview.2/Tutorial Files/Background Objects/Prefabs/Cylinder_roundedge_01.prefab using Guid(0f54a45900eb3485eae0701715746760) Importer(815301076,1909f56bfc062723c751e8b465ee728b)  -> (artifact id: '383bde740227072f145e3168639b2878') in 0,011799 seconds 
  Import took 0,019333 seconds .

========================================================================
Received Import Request.
  Time since last request: 0,000309 seconds.
  path: Assets/Samples/Perception/0.9.0-preview.2/Tutorial Files/Background Objects/Prefabs/Cube_roundedge_01.prefab
  artifactKey: Guid(a75f34e297d0d41939b1f730f6556b8a) Importer(815301076,1909f56bfc062723c751e8b465ee728b)
Start importing Assets/Samples/Perception/0.9.0-preview.2/Tutorial Files/Background Objects/Prefabs/Cube_roundedge_01.prefab using Guid(a75f34e297d0d41939b1f730f6556b8a) Importer(815301076,1909f56bfc062723c751e8b465ee728b)  -> (artifact id: '87d41d7feb99f371ecebc0c9d76cec1f') in 0,011876 seconds 
  Import took 0,019695 seconds .

========================================================================
Received Import Request.
  Time since last request: 0,000282 seconds.
  path: Assets/Samples/Perception/0.9.0-preview.2/Tutorial Files/Background Objects/Prefabs/Cylinder_roundedge_02.prefab
  artifactKey: Guid(2bda33803207144f1b850250904cd924) Importer(815301076,1909f56bfc062723c751e8b465ee728b)
Start importing Assets/Samples/Perception/0.9.0-preview.2/Tutorial Files/Background Objects/Prefabs/Cylinder_roundedge_02.prefab using Guid(2bda33803207144f1b850250904cd924) Importer(815301076,1909f56bfc062723c751e8b465ee728b)  -> (artifact id: '8301f4b15baa647f9ef5da05f7cc5e5a') in 0,011855 seconds 
  Import took 0,021130 seconds .

========================================================================
Received Import Request.
  Time since last request: 0,000248 seconds.
  path: Assets/Samples/Perception/0.9.0-preview.2/Tutorial Files/Background Objects/Prefabs/Cube_roundedge_02.prefab
  artifactKey: Guid(9d09d824be2fe4617b33bb31e9eeca96) Importer(815301076,1909f56bfc062723c751e8b465ee728b)
Start importing Assets/Samples/Perception/0.9.0-preview.2/Tutorial Files/Background Objects/Prefabs/Cube_roundedge_02.prefab using Guid(9d09d824be2fe4617b33bb31e9eeca96) Importer(815301076,1909f56bfc062723c751e8b465ee728b)  -> (artifact id: 'd095fc88d5ce29dd389b9b33df3d0b3b') in 0,014859 seconds 
  Import took 0,022961 seconds .

========================================================================
Received Import Request.
  Time since last request: 0,000291 seconds.
  path: Assets/Samples/Perception/0.9.0-preview.2/Tutorial Files/Background Objects/Prefabs/Cylinder_hardedge_02.prefab
  artifactKey: Guid(a3a4f0ca1fc1e47608346e3ebad64473) Importer(815301076,1909f56bfc062723c751e8b465ee728b)
Start importing Assets/Samples/Perception/0.9.0-preview.2/Tutorial Files/Background Objects/Prefabs/Cylinder_hardedge_02.prefab using Guid(a3a4f0ca1fc1e47608346e3ebad64473) Importer(815301076,1909f56bfc062723c751e8b465ee728b)  -> (artifact id: 'c313eea96b10bd24e9b7109e4c7a0db8') in 0,014390 seconds 
  Import took 0,024811 seconds .

========================================================================
Received Import Request.
  Time since last request: 0,000250 seconds.
  path: Assets/Samples/Perception/0.9.0-preview.2/Tutorial Files/Background Objects/Prefabs/Sphere_quad_02.prefab
  artifactKey: Guid(02d0dd79e02e54b0497c611f55f79aff) Importer(815301076,1909f56bfc062723c751e8b465ee728b)
Start importing Assets/Samples/Perception/0.9.0-preview.2/Tutorial Files/Background Objects/Prefabs/Sphere_quad_02.prefab using Guid(02d0dd79e02e54b0497c611f55f79aff) Importer(815301076,1909f56bfc062723c751e8b465ee728b)  -> (artifact id: '7059d6daf9bf41473b60d1689ea62ae1') in 0,012911 seconds 
  Import took 0,021923 seconds .

========================================================================
Received Prepare
Registering precompiled user dll's ...
Registered in 0,006249 seconds.
Begin MonoManager ReloadAssembly
Native extension for LinuxStandalone target not found
Native extension for WindowsStandalone target not found
Native extension for OSXStandalone target not found
Native extension for WebGL target not found
Refreshing native plugins compatible for Editor in 1,20 ms, found 3 plugins.
Preloading 0 native plugins for Editor in 0,00 ms.
Mono: successfully reloaded assembly
- Completed reload, in  3,470 seconds
Domain Reload Profiling:
	ReloadAssembly (3471ms)
		BeginReloadAssembly (1393ms)
			ExecutionOrderSort (0ms)
			DisableScriptedObjects (11ms)
			BackupInstance (0ms)
			ReleaseScriptingObjects (0ms)
			CreateAndSetChildDomain (93ms)
		EndReloadAssembly (1988ms)
			LoadAssemblies (117ms)
			RebuildTransferFunctionScriptingTraits (0ms)
			SetupTypeCache (568ms)
			ReleaseScriptCaches (2ms)
			RebuildScriptCaches (89ms)
			SetupLoadedEditorAssemblies (952ms)
				LogAssemblyErrors (0ms)
				InitializePlatformSupportModulesInManaged (27ms)
				SetLoadedEditorAssemblies (1ms)
				RefreshPlugins (1ms)
				BeforeProcessingInitializeOnLoad (118ms)
				ProcessInitializeOnLoadAttributes (696ms)
				ProcessInitializeOnLoadMethodAttributes (101ms)
				AfterProcessingInitializeOnLoad (8ms)
				EditorAssembliesLoaded (0ms)
			ExecutionOrderSort2 (0ms)
			AwakeInstancesAfterBackupRestoration (27ms)
Platform modules already initialized, skipping
Shader 'Universal Render Pipeline/Particles/Lit': fallback shader 'Universal Render Pipeline/Particles/SimpleLit' not found
Refreshing native plugins compatible for Editor in 1,85 ms, found 3 plugins.
Preloading 0 native plugins for Editor in 0,00 ms.
Unloading 3160 Unused Serialized files (Serialized files now loaded: 0)
System memory in use before: 135,7 MB.
System memory in use after: 135,8 MB.

Unloading 35 unused Assets to reduce memory usage. Loaded Objects now: 3796.
Total: 14,026765 ms (FindLiveObjects: 1,025508 ms CreateObjectMapping: 0,337781 ms MarkObjects: 12,394538 ms  DeleteObjects: 0,266699 ms)

AssetImportParameters requested are different than current active one (requested -> active):
  custom:video-decoder-ogg-theora: a1e56fd34408186e4bbccfd4996cb3dc -> 
  custom:container-muxer-webm: aa71ff27fc2769a1b78a27578f13a17b -> 
  custom:container-demuxer-webm: 4f35f7cbe854078d1ac9338744f61a02 -> 
  custom:container-demuxer-ogg: 62fdf1f143b41e24485cea50d1cbac27 -> 
  custom:video-encoder-webm-vp8: eb34c28f22e8b96e1ab97ce403110664 -> 
  custom:video-decoder-webm-vp8: 9c59270c3fd7afecdb556c50c9e8de78 -> 
  custom:audio-decoder-ogg-vorbis: bf7c407c2cedff20999df2af8eb42d56 -> 
  custom:audio-encoder-webm-vorbis: bf7c407c2cedff20999df2af8eb42d56 -> 
========================================================================
Received Import Request.
  Time since last request: 2030,710599 seconds.
  path: Assets/asset_free_Ukraine_cars/prefabs_With_Colliders/cars_colliiders/car/car_5/car_5_blue.prefab
  artifactKey: Guid(40b5728c9a8fc364cbfbaadcdeb1af64) Importer(815301076,1909f56bfc062723c751e8b465ee728b)
Start importing Assets/asset_free_Ukraine_cars/prefabs_With_Colliders/cars_colliiders/car/car_5/car_5_blue.prefab using Guid(40b5728c9a8fc364cbfbaadcdeb1af64) Importer(815301076,1909f56bfc062723c751e8b465ee728b)  -> (artifact id: 'b277da3cb3ee8b932960dce601e37f8d') in 0,283338 seconds 
  Import took 0,294038 seconds .

========================================================================
Received Import Request.
  Time since last request: 10,915763 seconds.
  path: Assets/asset_free_Ukraine_cars/prefabs_With_Colliders/cars_colliiders/car/car_6/car_6_black.prefab
  artifactKey: Guid(788f99c0acce4384a91a6c213fb34068) Importer(815301076,1909f56bfc062723c751e8b465ee728b)
Start importing Assets/asset_free_Ukraine_cars/prefabs_With_Colliders/cars_colliiders/car/car_6/car_6_black.prefab using Guid(788f99c0acce4384a91a6c213fb34068) Importer(815301076,1909f56bfc062723c751e8b465ee728b)  -> (artifact id: '91f9f4ddd9078510c5801110e80b53be') in 0,016489 seconds 
  Import took 0,027115 seconds .

========================================================================
Received Import Request.
  Time since last request: 0,004702 seconds.
  path: Assets/asset_free_Ukraine_cars/prefabs_With_Colliders/cars_colliiders/car/car_6/car_6_black.prefab
  artifactKey: Guid(788f99c0acce4384a91a6c213fb34068) Importer(815301076,1909f56bfc062723c751e8b465ee728b)
Start importing Assets/asset_free_Ukraine_cars/prefabs_With_Colliders/cars_colliiders/car/car_6/car_6_black.prefab using Guid(788f99c0acce4384a91a6c213fb34068) Importer(815301076,1909f56bfc062723c751e8b465ee728b)  -> (artifact id: '91f9f4ddd9078510c5801110e80b53be') in 0,013753 seconds 
  Import took 0,022084 seconds .

========================================================================
Received Prepare
Registering precompiled user dll's ...
Registered in 0,007789 seconds.
Begin MonoManager ReloadAssembly
Native extension for LinuxStandalone target not found
Native extension for WindowsStandalone target not found
Native extension for OSXStandalone target not found
Native extension for WebGL target not found
Refreshing native plugins compatible for Editor in 1,27 ms, found 3 plugins.
Preloading 0 native plugins for Editor in 0,00 ms.
Mono: successfully reloaded assembly
- Completed reload, in  3,142 seconds
Domain Reload Profiling:
	ReloadAssembly (3142ms)
		BeginReloadAssembly (651ms)
			ExecutionOrderSort (0ms)
			DisableScriptedObjects (14ms)
			BackupInstance (0ms)
			ReleaseScriptingObjects (0ms)
			CreateAndSetChildDomain (82ms)
		EndReloadAssembly (2383ms)
			LoadAssemblies (133ms)
			RebuildTransferFunctionScriptingTraits (0ms)
			SetupTypeCache (684ms)
			ReleaseScriptCaches (3ms)
			RebuildScriptCaches (106ms)
			SetupLoadedEditorAssemblies (1126ms)
				LogAssemblyErrors (0ms)
				InitializePlatformSupportModulesInManaged (25ms)
				SetLoadedEditorAssemblies (1ms)
				RefreshPlugins (1ms)
				BeforeProcessingInitializeOnLoad (161ms)
				ProcessInitializeOnLoadAttributes (836ms)
				ProcessInitializeOnLoadMethodAttributes (94ms)
				AfterProcessingInitializeOnLoad (6ms)
				EditorAssembliesLoaded (0ms)
			ExecutionOrderSort2 (0ms)
			AwakeInstancesAfterBackupRestoration (25ms)
Platform modules already initialized, skipping
Shader 'Universal Render Pipeline/Particles/Lit': fallback shader 'Universal Render Pipeline/Particles/SimpleLit' not found
Refreshing native plugins compatible for Editor in 1,01 ms, found 3 plugins.
Preloading 0 native plugins for Editor in 0,00 ms.
Unloading 3160 Unused Serialized files (Serialized files now loaded: 0)
System memory in use before: 135,9 MB.
System memory in use after: 136,0 MB.

Unloading 35 unused Assets to reduce memory usage. Loaded Objects now: 3836.
Total: 9,865349 ms (FindLiveObjects: 0,898556 ms CreateObjectMapping: 0,469411 ms MarkObjects: 8,258881 ms  DeleteObjects: 0,235555 ms)

AssetImportParameters requested are different than current active one (requested -> active):
  custom:video-decoder-ogg-theora: a1e56fd34408186e4bbccfd4996cb3dc -> 
  custom:container-muxer-webm: aa71ff27fc2769a1b78a27578f13a17b -> 
  custom:container-demuxer-webm: 4f35f7cbe854078d1ac9338744f61a02 -> 
  custom:container-demuxer-ogg: 62fdf1f143b41e24485cea50d1cbac27 -> 
  custom:video-encoder-webm-vp8: eb34c28f22e8b96e1ab97ce403110664 -> 
  custom:video-decoder-webm-vp8: 9c59270c3fd7afecdb556c50c9e8de78 -> 
  custom:audio-decoder-ogg-vorbis: bf7c407c2cedff20999df2af8eb42d56 -> 
  custom:audio-encoder-webm-vorbis: bf7c407c2cedff20999df2af8eb42d56 -> 
========================================================================
Received Prepare
Registering precompiled user dll's ...
Registered in 0,005917 seconds.
Begin MonoManager ReloadAssembly
Native extension for LinuxStandalone target not found
Native extension for WindowsStandalone target not found
Native extension for OSXStandalone target not found
Native extension for WebGL target not found
Refreshing native plugins compatible for Editor in 1,42 ms, found 3 plugins.
Preloading 0 native plugins for Editor in 0,00 ms.
Mono: successfully reloaded assembly
- Completed reload, in  3,920 seconds
Domain Reload Profiling:
	ReloadAssembly (3921ms)
		BeginReloadAssembly (1754ms)
			ExecutionOrderSort (0ms)
			DisableScriptedObjects (9ms)
			BackupInstance (0ms)
			ReleaseScriptingObjects (0ms)
			CreateAndSetChildDomain (80ms)
		EndReloadAssembly (2054ms)
			LoadAssemblies (128ms)
			RebuildTransferFunctionScriptingTraits (0ms)
			SetupTypeCache (610ms)
			ReleaseScriptCaches (3ms)
			RebuildScriptCaches (138ms)
			SetupLoadedEditorAssemblies (837ms)
				LogAssemblyErrors (0ms)
				InitializePlatformSupportModulesInManaged (22ms)
				SetLoadedEditorAssemblies (1ms)
				RefreshPlugins (1ms)
				BeforeProcessingInitializeOnLoad (109ms)
				ProcessInitializeOnLoadAttributes (616ms)
				ProcessInitializeOnLoadMethodAttributes (81ms)
				AfterProcessingInitializeOnLoad (6ms)
				EditorAssembliesLoaded (0ms)
			ExecutionOrderSort2 (0ms)
			AwakeInstancesAfterBackupRestoration (25ms)
Platform modules already initialized, skipping
Shader 'Universal Render Pipeline/Particles/Lit': fallback shader 'Universal Render Pipeline/Particles/SimpleLit' not found
Refreshing native plugins compatible for Editor in 1,06 ms, found 3 plugins.
Preloading 0 native plugins for Editor in 0,00 ms.
Unloading 3160 Unused Serialized files (Serialized files now loaded: 0)
System memory in use before: 136,0 MB.
System memory in use after: 136,1 MB.

Unloading 35 unused Assets to reduce memory usage. Loaded Objects now: 3840.
Total: 12,183408 ms (FindLiveObjects: 0,698394 ms CreateObjectMapping: 0,315003 ms MarkObjects: 10,869162 ms  DeleteObjects: 0,297887 ms)

AssetImportParameters requested are different than current active one (requested -> active):
  custom:video-decoder-ogg-theora: a1e56fd34408186e4bbccfd4996cb3dc -> 
  custom:container-muxer-webm: aa71ff27fc2769a1b78a27578f13a17b -> 
  custom:container-demuxer-webm: 4f35f7cbe854078d1ac9338744f61a02 -> 
  custom:container-demuxer-ogg: 62fdf1f143b41e24485cea50d1cbac27 -> 
  custom:video-encoder-webm-vp8: eb34c28f22e8b96e1ab97ce403110664 -> 
  custom:video-decoder-webm-vp8: 9c59270c3fd7afecdb556c50c9e8de78 -> 
  custom:audio-decoder-ogg-vorbis: bf7c407c2cedff20999df2af8eb42d56 -> 
  custom:audio-encoder-webm-vorbis: bf7c407c2cedff20999df2af8eb42d56 -> 
AssetImportWorkerClient::OnTransportError - code=2 error=End of file
